2019-08-23 14:50:09.3419 ERROR [Хроматограф 1]. Прибор недоступен. Проверьте статус прибора или соединения
2019-08-23 14:51:10.8696 ERROR [Датчик температуры]. Прибор недоступен. Проверьте статус прибора или соединения
2019-08-23 14:51:10.8946 ERROR [TOP-200]. Прибор недоступен. Проверьте статус прибора или соединения
2019-08-23 14:51:10.9166 ERROR [Хроматограф 2]. Прибор недоступен. Проверьте статус прибора или соединения
2019-08-23 14:53:58.3687 ERROR [Хроматограф 1]. Прибор недоступен. Проверьте статус прибора или соединения
2019-08-23 14:53:58.5237 ERROR [Датчик температуры]. Прибор недоступен. Проверьте статус прибора или соединения
2019-08-23 14:53:58.5487 ERROR [TOP-200]. Прибор недоступен. Проверьте статус прибора или соединения
2019-08-23 14:53:58.5727 ERROR [Хроматограф 2]. Прибор недоступен. Проверьте статус прибора или соединения
2019-08-23 14:56:44.5874 ERROR [TOP-200]. Ошибка подключения, проверьте параметры подключения в файле конфигурации
2019-08-23 14:57:22.2490 ERROR [TOP-200]. Ошибка подключения, проверьте параметры подключения в файле конфигурации
2019-08-26 11:09:56.1635 ERROR [TOP-200]. Ошибка подключения, проверьте параметры подключения в файле конфигурации
2019-08-26 11:09:56.1975 ERROR [TOP-200] Ошибка при чтении данных из прибора
2019-08-26 11:09:56.2465 ERROR [Хроматограф 2]. Прибор недоступен. Проверьте статус прибора или соединения
2019-08-26 11:09:56.2465 ERROR [Хроматограф 2] Ошибка при чтении данных из прибора
2019-08-26 11:10:59.3082 ERROR [TOP-200]. Ошибка подключения, проверьте параметры подключения в файле конфигурации
2019-08-26 11:10:59.3082 ERROR [TOP-200] Ошибка при чтении данных из прибора
2019-08-26 11:10:59.3082 ERROR [Хроматограф 2]. Прибор недоступен. Проверьте статус прибора или соединения
2019-08-26 11:10:59.3082 ERROR [Хроматограф 2] Ошибка при чтении данных из прибора
2019-08-26 11:11:42.7769 ERROR [TOP-200]. Ошибка подключения, проверьте параметры подключения в файле конфигурации
2019-08-26 11:11:42.8089 ERROR [TOP-200] Ошибка при чтении данных из прибора
2019-08-26 11:11:45.8133 ERROR [Хроматограф 2]. Ошибка подключения, проверьте параметры подключения в файле конфигурации
2019-08-26 11:11:45.8133 ERROR [Хроматограф 2] Ошибка при чтении данных из прибора
2019-08-27 11:46:59.1660 INFO Ошибка подключения к базе данных,  проверьте параметры подключения в файле конфигураций.
2019-08-27 11:46:59.4510 ERROR [ЭНИП-2-1] Ошибка при чтении данных из прибора
2019-08-27 11:46:59.4970 ERROR [ЭНИП-2-2]. Файл конфигурации недоступен. Выполните конфигурирование программы
2019-08-27 11:46:59.5140 ERROR [ЭНИП-2-2] Ошибка при чтении данных из прибора
2019-08-27 11:46:59.6100 INFO Ошибка подключения к базе данных,  проверьте параметры подключения в файле конфигураций.
2019-08-27 11:47:29.6607 INFO Ошибка подключения к базе данных,  проверьте параметры подключения в файле конфигураций.
2019-08-27 11:47:30.3547 INFO Ошибка подключения к базе данных,  проверьте параметры подключения в файле конфигураций.
2019-08-27 11:47:30.3787 ERROR [ЭНИП-2-2]. Файл конфигурации недоступен. Выполните конфигурирование программы
2019-08-27 11:47:30.3987 ERROR [ЭНИП-2-2] Ошибка при чтении данных из прибора
2019-08-27 11:47:30.4297 ERROR [7X] Ошибка при чтении данных из прибора
2019-08-27 11:54:48.8694 INFO Ошибка подключения к базе данных,  проверьте параметры подключения в файле конфигураций.
2019-08-27 11:57:23.3946 INFO Ошибка подключения к базе данных,  проверьте параметры подключения в файле конфигураций.
2019-08-27 11:58:48.2205 INFO Ошибка подключения к базе данных,  проверьте параметры подключения в файле конфигураций.
2019-08-27 11:58:49.8227 ERROR [ЭНИП-2-2]. Файл конфигурации недоступен. Выполните конфигурирование программы
2019-08-27 11:58:51.9368 ERROR [ЭНИП-2-2] Ошибка при чтении данных из прибора
2019-08-27 12:06:13.6612 ERROR [WISE-4010] Ошибка при чтении данных из прибора
2019-08-27 12:06:19.5682 ERROR [ЭНИП-2-2]. Файл конфигурации недоступен. Выполните конфигурирование программы
2019-08-27 12:06:19.5682 ERROR [ЭНИП-2-2] Ошибка при чтении данных из прибора
2019-08-27 12:06:19.5942 ERROR [7X] Ошибка при чтении данных из прибора
2019-08-27 12:10:30.3120 ERROR [ЭНИП-2-2]. Файл конфигурации недоступен. Выполните конфигурирование программы
2019-08-27 12:10:30.3870 ERROR [ЭНИП-2-2] Ошибка при чтении данных из прибора
2019-08-27 12:12:59.5580 ERROR [ЭНИП-2-2]. Файл конфигурации недоступен. Выполните конфигурирование программы
2019-08-27 12:12:59.6130 ERROR [ЭНИП-2-2] Ошибка при чтении данных из прибора
2019-08-27 12:27:17.6733 ERROR [WISE-4010] Ошибка при чтении данных из прибора
2019-08-27 12:29:05.7549 ERROR [WISE-4010] Ошибка при чтении данных из прибора
2019-08-27 12:29:07.1120 ERROR [ЭНИП-2-2] Ошибка при чтении данных из прибора
2019-08-27 12:29:19.7128 ERROR [ЭНИП-2-1] Ошибка при чтении данных из прибора
2019-08-28 10:04:46.3644 ERROR [TM8] Ошибка при чтении данных из прибора
2019-08-28 10:04:48.5352 ERROR [WISE-4010]. Прибор недоступен. Проверьте статус прибора или соединения
2019-08-28 10:04:48.5462 ERROR [WISE-4010] Ошибка при чтении данных из прибора
2019-08-28 10:04:50.6173 ERROR [ЭНИП-2-1]. Прибор недоступен. Проверьте статус прибора или соединения
2019-08-28 10:04:50.6253 ERROR [ЭНИП-2-1] Ошибка при чтении данных из прибора
2019-08-28 10:04:52.6926 ERROR [ЭНИП-2-2]. Прибор недоступен. Проверьте статус прибора или соединения
2019-08-28 10:04:52.7016 ERROR [ЭНИП-2-2] Ошибка при чтении данных из прибора
2019-08-28 10:04:52.7196 ERROR [7X]. Прибор недоступен. Проверьте статус прибора или соединения
2019-08-28 10:16:44.3033 ERROR [WISE-4010]. Прибор недоступен. Проверьте статус прибора или соединения
2019-08-28 10:16:44.3613 ERROR [WISE-4010] Ошибка при чтении данных из прибора
2019-08-28 10:16:46.4014 ERROR [ЭНИП-2-1]. Прибор недоступен. Проверьте статус прибора или соединения
2019-08-28 10:16:46.4094 ERROR [ЭНИП-2-1] Ошибка при чтении данных из прибора
2019-08-28 10:16:48.4455 ERROR [ЭНИП-2-2]. Прибор недоступен. Проверьте статус прибора или соединения
2019-08-28 10:16:48.4555 ERROR [ЭНИП-2-2] Ошибка при чтении данных из прибора
2019-08-28 10:16:48.4775 ERROR [7X]. Прибор недоступен. Проверьте статус прибора или соединения
2019-08-28 10:17:42.1063 ERROR [WISE-4010]. Прибор недоступен. Проверьте статус прибора или соединения
2019-08-28 10:17:42.1553 ERROR [WISE-4010] Ошибка при чтении данных из прибора
2019-08-28 10:17:44.1832 ERROR [ЭНИП-2-1]. Прибор недоступен. Проверьте статус прибора или соединения
2019-08-28 10:17:44.1932 ERROR [ЭНИП-2-1] Ошибка при чтении данных из прибора
2019-08-28 10:17:46.2288 ERROR [ЭНИП-2-2]. Прибор недоступен. Проверьте статус прибора или соединения
2019-08-28 10:17:46.2378 ERROR [ЭНИП-2-2] Ошибка при чтении данных из прибора
2019-08-28 10:45:26.1156 ERROR [WISE-4010]. Прибор недоступен. Проверьте статус прибора или соединенияSystem.InvalidOperationException: Операция является недопустимой из-за текущего состояния объекта.
   в VSU.Port.Connect(String ipAddress) в D:\bo\VSU\Taskbar\Port.cs:строка 280
2019-08-28 10:45:28.5476 ERROR [ЭНИП-2-1]. Прибор недоступен. Проверьте статус прибора или соединенияSystem.InvalidOperationException: Операция является недопустимой из-за текущего состояния объекта.
   в VSU.Port.Connect(String ipAddress) в D:\bo\VSU\Taskbar\Port.cs:строка 280
2019-08-28 10:45:31.0979 ERROR [ЭНИП-2-2]. Прибор недоступен. Проверьте статус прибора или соединенияSystem.InvalidOperationException: Операция является недопустимой из-за текущего состояния объекта.
   в VSU.Port.Connect(String ipAddress) в D:\bo\VSU\Taskbar\Port.cs:строка 280
2019-08-28 12:14:05.2584 ERROR [TM8]. Прибор недоступен. Проверьте статус прибора или соединения
System.InvalidOperationException: Операция является недопустимой из-за текущего состояния объекта.
   в VSU.Port.ConnectRtu(String[] settings, IModbusSerialMaster& master) в D:\bo\VSU\Taskbar\Port.cs:строка 214
2019-08-28 12:14:07.3445 ERROR [WISE-4010]. Прибор недоступен. Проверьте статус прибора или соединения
System.InvalidOperationException: Операция является недопустимой из-за текущего состояния объекта.
   в VSU.Port.Connect(String ipAddress) в D:\bo\VSU\Taskbar\Port.cs:строка 293
2019-08-28 12:14:09.3706 ERROR [ЭНИП-2-1]. Прибор недоступен. Проверьте статус прибора или соединения
System.InvalidOperationException: Операция является недопустимой из-за текущего состояния объекта.
   в VSU.Port.Connect(String ipAddress) в D:\bo\VSU\Taskbar\Port.cs:строка 293
2019-08-28 12:14:11.4336 ERROR [ЭНИП-2-2]. Прибор недоступен. Проверьте статус прибора или соединения
System.InvalidOperationException: Операция является недопустимой из-за текущего состояния объекта.
   в VSU.Port.Connect(String ipAddress) в D:\bo\VSU\Taskbar\Port.cs:строка 293
2019-08-28 13:03:23.2081 ERROR Неизвестная ошибка
System.NullReferenceException: Ссылка на объект не указывает на экземпляр объекта.
   в VSU.Port.ReadDataRtu(Int32 number, String[] data) в D:\bo\VSU\Taskbar\Port.cs:строка 240
   в VSU.Port.ReadData(String[] data, String[] settings) в D:\bo\VSU\Taskbar\Port.cs:строка 158
2019-08-28 13:03:25.3023 ERROR [WISE-4010]. Прибор недоступен. Проверьте статус прибора или соединения
System.InvalidOperationException: Операция является недопустимой из-за текущего состояния объекта.
   в VSU.Port.Connect(String ipAddress) в D:\bo\VSU\Taskbar\Port.cs:строка 291
2019-08-28 13:03:27.3463 ERROR [ЭНИП-2-1]. Прибор недоступен. Проверьте статус прибора или соединения
System.InvalidOperationException: Операция является недопустимой из-за текущего состояния объекта.
   в VSU.Port.Connect(String ipAddress) в D:\bo\VSU\Taskbar\Port.cs:строка 291
2019-08-28 13:03:29.3964 ERROR [ЭНИП-2-2]. Прибор недоступен. Проверьте статус прибора или соединения
System.InvalidOperationException: Операция является недопустимой из-за текущего состояния объекта.
   в VSU.Port.Connect(String ipAddress) в D:\bo\VSU\Taskbar\Port.cs:строка 291
2019-08-28 13:03:29.4314 ERROR [7X]. Прибор недоступен. Проверьте статус прибора или соединения
System.InvalidOperationException: Операция является недопустимой из-за текущего состояния объекта.
   в VSU.Port.ConnectRtu(String[] settings, IModbusSerialMaster& master) в D:\bo\VSU\Taskbar\Port.cs:строка 203
2019-08-29 11:38:40.2130 ERROR [TM8]. Прибор недоступен. Проверьте статус прибора или соединения
System.InvalidOperationException: Операция является недопустимой из-за текущего состояния объекта.
   в VSU.Port.ConnectRtu(String[] settings, IModbusSerialMaster& master) в D:\bo\VSU\Taskbar\Port.cs:строка 309
2019-08-29 11:38:41.0439 ERROR [ЭНИП-2-2] Ошибка при чтении данных из прибора
System.IO.IOException: Read resulted in 0 bytes returned.
   в Modbus.IO.ModbusIpTransport.ReadRequestResponse(IStreamResource streamResource)
   в Modbus.IO.ModbusIpTransport.ReadResponse[T]()
   в Modbus.IO.ModbusTransport.UnicastMessage[T](IModbusMessage message)
   в Modbus.Device.ModbusMaster.PerformReadRegisters(ReadHoldingInputRegistersRequest request)
   в Modbus.Device.ModbusMaster.ReadHoldingRegisters(Byte slaveAddress, UInt16 startAddress, UInt16 numberOfPoints)
   в VSU.ModbusTcp.ReadHoldingRegisters(ModbusIpMaster master, UInt16 reg) в D:\bo\VSU\Taskbar\Port.cs:строка 344
   в VSU.Port.ReadDataTcp(String[] data) в D:\bo\VSU\Taskbar\Port.cs:строка 214
   в VSU.Port.ReadData(String[] data) в D:\bo\VSU\Taskbar\Port.cs:строка 63
2019-08-29 11:38:41.0918 ERROR [7X]. Прибор недоступен. Проверьте статус прибора или соединения
System.InvalidOperationException: Операция является недопустимой из-за текущего состояния объекта.
   в VSU.Port.ConnectRtu(String[] settings, IModbusSerialMaster& master) в D:\bo\VSU\Taskbar\Port.cs:строка 309
2019-08-29 11:40:00.1624 ERROR [TM8]. Прибор недоступен. Проверьте статус прибора или соединения
System.InvalidOperationException: Операция является недопустимой из-за текущего состояния объекта.
   в VSU.Port.ConnectRtu(String[] settings, IModbusSerialMaster& master) в D:\bo\VSU\Taskbar\Port.cs:строка 309
2019-08-29 11:40:00.5873 ERROR [ЭНИП-2-1] Ошибка при чтении данных из прибора
System.IO.IOException: Read resulted in 0 bytes returned.
   в Modbus.IO.ModbusIpTransport.ReadRequestResponse(IStreamResource streamResource)
   в Modbus.IO.ModbusIpTransport.ReadResponse[T]()
   в Modbus.IO.ModbusTransport.UnicastMessage[T](IModbusMessage message)
   в Modbus.Device.ModbusMaster.PerformReadRegisters(ReadHoldingInputRegistersRequest request)
   в Modbus.Device.ModbusMaster.ReadHoldingRegisters(Byte slaveAddress, UInt16 startAddress, UInt16 numberOfPoints)
   в VSU.ModbusTcp.ReadHoldingRegisters(ModbusIpMaster master, UInt16 reg) в D:\bo\VSU\Taskbar\Port.cs:строка 344
   в VSU.Port.ReadDataTcp(String[] data) в D:\bo\VSU\Taskbar\Port.cs:строка 214
   в VSU.Port.ReadData(String[] data) в D:\bo\VSU\Taskbar\Port.cs:строка 63
2019-08-29 11:55:41.9042 ERROR [TM8]. Прибор недоступен. Проверьте статус прибора или соединения
System.InvalidOperationException: Операция является недопустимой из-за текущего состояния объекта.
   в VSU.Port.ConnectRtu(String[] settings, IModbusSerialMaster& master) в D:\bo\VSU\Taskbar\Port.cs:строка 309
2019-08-29 11:57:34.5316 ERROR [TM8]. Прибор недоступен. Проверьте статус прибора или соединения
System.InvalidOperationException: Операция является недопустимой из-за текущего состояния объекта.
   в VSU.Port.ConnectRtu(String[] settings, IModbusSerialMaster& master) в D:\bo\VSU\Taskbar\Port.cs:строка 309
2019-08-29 11:59:21.5674 ERROR [TM8]. Прибор недоступен. Проверьте статус прибора или соединения
System.InvalidOperationException: Операция является недопустимой из-за текущего состояния объекта.
   в VSU.Port.ConnectRtu(String[] settings, IModbusSerialMaster& master) в D:\bo\VSU\Taskbar\Port.cs:строка 309
2019-08-29 11:59:46.1291 ERROR [ЭНИП-2-1] Ошибка при чтении данных из прибора
System.IO.IOException: Read resulted in 0 bytes returned.
   в Modbus.IO.ModbusIpTransport.ReadRequestResponse(IStreamResource streamResource)
   в Modbus.IO.ModbusIpTransport.ReadResponse[T]()
   в Modbus.IO.ModbusTransport.UnicastMessage[T](IModbusMessage message)
   в Modbus.Device.ModbusMaster.PerformReadRegisters(ReadHoldingInputRegistersRequest request)
   в Modbus.Device.ModbusMaster.ReadHoldingRegisters(Byte slaveAddress, UInt16 startAddress, UInt16 numberOfPoints)
   в VSU.ModbusTcp.ReadHoldingRegisters(ModbusIpMaster master, UInt16 reg) в D:\bo\VSU\Taskbar\Port.cs:строка 344
   в VSU.Port.ReadDataTcp(String[] data) в D:\bo\VSU\Taskbar\Port.cs:строка 214
   в VSU.Port.ReadData(String[] data) в D:\bo\VSU\Taskbar\Port.cs:строка 63
2019-08-29 12:01:59.8620 ERROR [TM8]. Прибор недоступен. Проверьте статус прибора или соединения
System.InvalidOperationException: Операция является недопустимой из-за текущего состояния объекта.
   в VSU.Port.ConnectRtu(String[] settings, IModbusSerialMaster& master) в D:\bo\VSU\Taskbar\Port.cs:строка 309
2019-08-29 12:02:47.6589 ERROR [7X]. Прибор недоступен. Проверьте статус прибора или соединения
System.InvalidOperationException: Операция является недопустимой из-за текущего состояния объекта.
   в VSU.Port.ConnectRtu(String[] settings, IModbusSerialMaster& master) в D:\bo\VSU\Taskbar\Port.cs:строка 309
2019-08-29 12:03:10.0882 ERROR [TM8]. Прибор недоступен. Проверьте статус прибора или соединения
System.InvalidOperationException: Операция является недопустимой из-за текущего состояния объекта.
   в VSU.Port.ConnectRtu(String[] settings, IModbusSerialMaster& master) в D:\bo\VSU\Taskbar\Port.cs:строка 309
2019-08-29 12:03:14.2342 ERROR [7X]. Прибор недоступен. Проверьте статус прибора или соединения
System.InvalidOperationException: Операция является недопустимой из-за текущего состояния объекта.
   в VSU.Port.ConnectRtu(String[] settings, IModbusSerialMaster& master) в D:\bo\VSU\Taskbar\Port.cs:строка 309
2019-08-29 12:04:50.2212 ERROR [TM8]. Прибор недоступен. Проверьте статус прибора или соединения
System.InvalidOperationException: Операция является недопустимой из-за текущего состояния объекта.
   в VSU.Port.ConnectRtu(String[] settings, IModbusSerialMaster& master) в D:\bo\VSU\Taskbar\Port.cs:строка 309
2019-08-29 12:04:55.9559 ERROR [ЭНИП-2-2]. Ошибка подключения, проверьте параметры подключения в файле конфигурации
2019-08-29 12:04:56.9769 ERROR [7X]. Прибор недоступен. Проверьте статус прибора или соединения
System.InvalidOperationException: Операция является недопустимой из-за текущего состояния объекта.
   в VSU.Port.ConnectRtu(String[] settings, IModbusSerialMaster& master) в D:\bo\VSU\Taskbar\Port.cs:строка 309
2019-08-29 12:16:24.2445 ERROR [TM8]. Прибор недоступен. Проверьте статус прибора или соединения
System.InvalidOperationException: Операция является недопустимой из-за текущего состояния объекта.
   в VSU.Port.ConnectRtu(String[] settings, IModbusSerialMaster& master) в D:\bo\VSU\Taskbar\Port.cs:строка 309
2019-08-29 12:16:37.6702 ERROR [TM8]. Прибор недоступен. Проверьте статус прибора или соединения
System.InvalidOperationException: Операция является недопустимой из-за текущего состояния объекта.
   в VSU.Port.ConnectRtu(String[] settings, IModbusSerialMaster& master) в D:\bo\VSU\Taskbar\Port.cs:строка 309
2019-08-29 12:20:13.2800 ERROR [TM8]. Прибор недоступен. Проверьте статус прибора или соединения
System.InvalidOperationException: Операция является недопустимой из-за текущего состояния объекта.
   в VSU.Port.ConnectRtu(String[] settings, IModbusSerialMaster& master) в D:\bo\VSU\Taskbar\Port.cs:строка 309
2019-08-29 12:20:32.5635 ERROR [TM8]. Прибор недоступен. Проверьте статус прибора или соединения
System.InvalidOperationException: Операция является недопустимой из-за текущего состояния объекта.
   в VSU.Port.ConnectRtu(String[] settings, IModbusSerialMaster& master) в D:\bo\VSU\Taskbar\Port.cs:строка 309
2019-08-29 12:20:57.1025 ERROR [TM8]. Прибор недоступен. Проверьте статус прибора или соединения
System.InvalidOperationException: Операция является недопустимой из-за текущего состояния объекта.
   в VSU.Port.ConnectRtu(String[] settings, IModbusSerialMaster& master) в D:\bo\VSU\Taskbar\Port.cs:строка 309
2019-08-29 12:21:16.6212 ERROR [TM8]. Прибор недоступен. Проверьте статус прибора или соединения
System.InvalidOperationException: Операция является недопустимой из-за текущего состояния объекта.
   в VSU.Port.ConnectRtu(String[] settings, IModbusSerialMaster& master) в D:\bo\VSU\Taskbar\Port.cs:строка 309
2019-08-29 12:22:33.2820 ERROR [TM8]. Прибор недоступен. Проверьте статус прибора или соединения
System.InvalidOperationException: Операция является недопустимой из-за текущего состояния объекта.
   в VSU.Port.ConnectRtu(String[] settings, IModbusSerialMaster& master) в D:\bo\VSU\Taskbar\Port.cs:строка 309
2019-08-29 12:22:39.2118 ERROR [ЭНИП-2-2]. Ошибка подключения, проверьте параметры подключения в файле конфигурации
2019-08-29 12:22:40.2388 ERROR [7X]. Прибор недоступен. Проверьте статус прибора или соединения
System.InvalidOperationException: Операция является недопустимой из-за текущего состояния объекта.
   в VSU.Port.ConnectRtu(String[] settings, IModbusSerialMaster& master) в D:\bo\VSU\Taskbar\Port.cs:строка 309
2019-08-29 12:23:03.5361 ERROR [TM8]. Прибор недоступен. Проверьте статус прибора или соединения
System.InvalidOperationException: Операция является недопустимой из-за текущего состояния объекта.
   в VSU.Port.ConnectRtu(String[] settings, IModbusSerialMaster& master) в D:\bo\VSU\Taskbar\Port.cs:строка 309
2019-08-29 12:24:07.7699 ERROR [TM8]. Прибор недоступен. Проверьте статус прибора или соединения
System.InvalidOperationException: Операция является недопустимой из-за текущего состояния объекта.
   в VSU.Port.ConnectRtu(String[] settings, IModbusSerialMaster& master) в D:\bo\VSU\Taskbar\Port.cs:строка 309
2019-08-29 12:24:27.9861 ERROR [TM8]. Прибор недоступен. Проверьте статус прибора или соединения
System.InvalidOperationException: Операция является недопустимой из-за текущего состояния объекта.
   в VSU.Port.ConnectRtu(String[] settings, IModbusSerialMaster& master) в D:\bo\VSU\Taskbar\Port.cs:строка 309
2019-08-29 12:25:04.9300 ERROR [TM8]. Прибор недоступен. Проверьте статус прибора или соединения
System.InvalidOperationException: Операция является недопустимой из-за текущего состояния объекта.
   в VSU.Port.ConnectRtu(String[] settings, IModbusSerialMaster& master) в D:\bo\VSU\Taskbar\Port.cs:строка 309
2019-08-29 12:25:14.9949 ERROR [TM8]. Прибор недоступен. Проверьте статус прибора или соединения
System.InvalidOperationException: Операция является недопустимой из-за текущего состояния объекта.
   в VSU.Port.ConnectRtu(String[] settings, IModbusSerialMaster& master) в D:\bo\VSU\Taskbar\Port.cs:строка 309
2019-08-29 12:36:37.2813 ERROR [TM8]. Прибор недоступен. Проверьте статус прибора или соединения
System.InvalidOperationException: Операция является недопустимой из-за текущего состояния объекта.
   в VSU.Port.ConnectRtu(String[] settings, IModbusSerialMaster& master) в D:\bo\VSU\Taskbar\Port.cs:строка 309
2019-08-29 12:37:16.7240 ERROR [TM8]. Прибор недоступен. Проверьте статус прибора или соединения
System.InvalidOperationException: Операция является недопустимой из-за текущего состояния объекта.
   в VSU.Port.ConnectRtu(String[] settings, IModbusSerialMaster& master) в D:\bo\VSU\Taskbar\Port.cs:строка 309
2019-08-29 12:42:14.7105 ERROR [TM8]. Прибор недоступен. Проверьте статус прибора или соединения
System.InvalidOperationException: Операция является недопустимой из-за текущего состояния объекта.
   в VSU.Port.ConnectRtu(String[] settings, IModbusSerialMaster& master) в D:\bo\VSU\Taskbar\Port.cs:строка 309
2019-08-29 12:42:33.2700 ERROR [TM8]. Прибор недоступен. Проверьте статус прибора или соединения
System.InvalidOperationException: Операция является недопустимой из-за текущего состояния объекта.
   в VSU.Port.ConnectRtu(String[] settings, IModbusSerialMaster& master) в D:\bo\VSU\Taskbar\Port.cs:строка 309
2019-08-29 12:46:30.1903 ERROR [TM8]. Прибор недоступен. Проверьте статус прибора или соединения
System.InvalidOperationException: Операция является недопустимой из-за текущего состояния объекта.
   в VSU.Port.ConnectRtu(String[] settings, IModbusSerialMaster& master) в D:\bo\VSU\Taskbar\Port.cs:строка 309
2019-08-29 12:48:00.4287 ERROR [TM8]. Прибор недоступен. Проверьте статус прибора или соединения
System.InvalidOperationException: Операция является недопустимой из-за текущего состояния объекта.
   в VSU.Port.ConnectRtu(String[] settings, IModbusSerialMaster& master) в D:\bo\VSU\Taskbar\Port.cs:строка 309
2019-08-29 12:52:34.4000 ERROR [TM8]. Прибор недоступен. Проверьте статус прибора или соединения
System.InvalidOperationException: Операция является недопустимой из-за текущего состояния объекта.
   в VSU.Port.ConnectRtu(String[] settings, IModbusSerialMaster& master) в D:\bo\VSU\Taskbar\Port.cs:строка 309
2019-08-29 12:58:28.0717 ERROR [TM8]. Прибор недоступен. Проверьте статус прибора или соединения
System.InvalidOperationException: Операция является недопустимой из-за текущего состояния объекта.
   в VSU.Port.ConnectRtu(String[] settings, IModbusSerialMaster& master) в D:\bo\VSU\Taskbar\Port.cs:строка 309
2019-08-29 12:58:34.1216 ERROR [ЭНИП-2-2]. Ошибка подключения, проверьте параметры подключения в файле конфигурации
2019-08-29 12:58:35.1473 ERROR [7X]. Прибор недоступен. Проверьте статус прибора или соединения
System.InvalidOperationException: Операция является недопустимой из-за текущего состояния объекта.
   в VSU.Port.ConnectRtu(String[] settings, IModbusSerialMaster& master) в D:\bo\VSU\Taskbar\Port.cs:строка 309
2019-08-29 13:06:09.6731 ERROR [TM8]. Прибор недоступен. Проверьте статус прибора или соединения
System.InvalidOperationException: Операция является недопустимой из-за текущего состояния объекта.
   в VSU.Port.ConnectRtu(String[] settings, IModbusSerialMaster& master) в D:\bo\VSU\Taskbar\Port.cs:строка 309
2019-08-29 13:06:15.5075 ERROR [ЭНИП-2-2]. Ошибка подключения, проверьте параметры подключения в файле конфигурации
2019-08-29 13:06:16.5327 ERROR [7X]. Прибор недоступен. Проверьте статус прибора или соединения
System.InvalidOperationException: Операция является недопустимой из-за текущего состояния объекта.
   в VSU.Port.ConnectRtu(String[] settings, IModbusSerialMaster& master) в D:\bo\VSU\Taskbar\Port.cs:строка 309
2019-08-30 11:44:05.6653 ERROR [TM8]. Прибор недоступен. Проверьте статус прибора или соединения
System.InvalidOperationException: Операция является недопустимой из-за текущего состояния объекта.
   в VSU.Port.ConnectRtu(String[] settings, IModbusSerialMaster& master) в D:\bo\VSU\Taskbar\Port.cs:строка 313
2019-08-30 11:44:07.8543 ERROR [WISE-4010]. Прибор недоступен. Проверьте статус прибора или соединения
System.InvalidOperationException: Операция является недопустимой из-за текущего состояния объекта.
   в VSU.Port.ConnectTcp(String ipAddress) в D:\bo\VSU\Taskbar\Port.cs:строка 282
2019-08-30 11:44:10.8881 ERROR [ЭНИП-2-1]. Прибор недоступен. Проверьте статус прибора или соединения
System.InvalidOperationException: Операция является недопустимой из-за текущего состояния объекта.
   в VSU.Port.ConnectTcp(String ipAddress) в D:\bo\VSU\Taskbar\Port.cs:строка 282
2019-08-30 11:44:14.0207 ERROR [ЭНИП-2-2]. Прибор недоступен. Проверьте статус прибора или соединения
System.InvalidOperationException: Операция является недопустимой из-за текущего состояния объекта.
   в VSU.Port.ConnectTcp(String ipAddress) в D:\bo\VSU\Taskbar\Port.cs:строка 282
2019-08-30 11:44:15.0388 ERROR [7X]. Прибор недоступен. Проверьте статус прибора или соединения
System.InvalidOperationException: Операция является недопустимой из-за текущего состояния объекта.
   в VSU.Port.ConnectRtu(String[] settings, IModbusSerialMaster& master) в D:\bo\VSU\Taskbar\Port.cs:строка 313
2019-08-30 12:11:51.1648 ERROR [TM8]. Прибор недоступен. Проверьте статус прибора или соединения
System.InvalidOperationException: Операция является недопустимой из-за текущего состояния объекта.
   в VSU.Port.ConnectRtu(String[] settings, IModbusSerialMaster& master) в D:\bo\VSU\Taskbar\Port.cs:строка 313
2019-08-30 12:11:53.2534 ERROR [WISE-4010]. Прибор недоступен. Проверьте статус прибора или соединения
System.InvalidOperationException: Операция является недопустимой из-за текущего состояния объекта.
   в VSU.Port.ConnectTcp(String ipAddress) в D:\bo\VSU\Taskbar\Port.cs:строка 282
2019-08-30 12:11:56.3439 ERROR [TM8]. Прибор недоступен. Проверьте статус прибора или соединения
System.InvalidOperationException: Операция является недопустимой из-за текущего состояния объекта.
   в VSU.Port.ConnectRtu(String[] settings, IModbusSerialMaster& master) в D:\bo\VSU\Taskbar\Port.cs:строка 313
2019-08-30 12:11:58.4447 ERROR [WISE-4010]. Прибор недоступен. Проверьте статус прибора или соединения
System.InvalidOperationException: Операция является недопустимой из-за текущего состояния объекта.
   в VSU.Port.ConnectTcp(String ipAddress) в D:\bo\VSU\Taskbar\Port.cs:строка 282
2019-08-30 12:12:01.4688 ERROR [TM8]. Прибор недоступен. Проверьте статус прибора или соединения
System.InvalidOperationException: Операция является недопустимой из-за текущего состояния объекта.
   в VSU.Port.ConnectRtu(String[] settings, IModbusSerialMaster& master) в D:\bo\VSU\Taskbar\Port.cs:строка 313
2019-08-30 12:12:03.5915 ERROR [WISE-4010]. Прибор недоступен. Проверьте статус прибора или соединения
System.InvalidOperationException: Операция является недопустимой из-за текущего состояния объекта.
   в VSU.Port.ConnectTcp(String ipAddress) в D:\bo\VSU\Taskbar\Port.cs:строка 282
2019-08-30 12:12:07.1298 ERROR [TM8]. Прибор недоступен. Проверьте статус прибора или соединения
System.InvalidOperationException: Операция является недопустимой из-за текущего состояния объекта.
   в VSU.Port.ConnectRtu(String[] settings, IModbusSerialMaster& master) в D:\bo\VSU\Taskbar\Port.cs:строка 313
2019-08-30 12:12:09.3563 ERROR [WISE-4010]. Прибор недоступен. Проверьте статус прибора или соединения
System.InvalidOperationException: Операция является недопустимой из-за текущего состояния объекта.
   в VSU.Port.ConnectTcp(String ipAddress) в D:\bo\VSU\Taskbar\Port.cs:строка 282
2019-08-30 12:12:11.9217 ERROR [TM8]. Прибор недоступен. Проверьте статус прибора или соединения
System.InvalidOperationException: Операция является недопустимой из-за текущего состояния объекта.
   в VSU.Port.ConnectRtu(String[] settings, IModbusSerialMaster& master) в D:\bo\VSU\Taskbar\Port.cs:строка 313
2019-08-30 12:12:14.0162 ERROR [WISE-4010]. Прибор недоступен. Проверьте статус прибора или соединения
System.InvalidOperationException: Операция является недопустимой из-за текущего состояния объекта.
   в VSU.Port.ConnectTcp(String ipAddress) в D:\bo\VSU\Taskbar\Port.cs:строка 282
2019-08-30 12:12:17.1260 ERROR [TM8]. Прибор недоступен. Проверьте статус прибора или соединения
System.InvalidOperationException: Операция является недопустимой из-за текущего состояния объекта.
   в VSU.Port.ConnectRtu(String[] settings, IModbusSerialMaster& master) в D:\bo\VSU\Taskbar\Port.cs:строка 313
2019-08-30 12:12:19.2593 ERROR [WISE-4010]. Прибор недоступен. Проверьте статус прибора или соединения
System.InvalidOperationException: Операция является недопустимой из-за текущего состояния объекта.
   в VSU.Port.ConnectTcp(String ipAddress) в D:\bo\VSU\Taskbar\Port.cs:строка 282
2019-08-30 12:12:22.2096 ERROR [TM8]. Прибор недоступен. Проверьте статус прибора или соединения
System.InvalidOperationException: Операция является недопустимой из-за текущего состояния объекта.
   в VSU.Port.ConnectRtu(String[] settings, IModbusSerialMaster& master) в D:\bo\VSU\Taskbar\Port.cs:строка 313
2019-08-30 12:12:24.3867 ERROR [WISE-4010]. Прибор недоступен. Проверьте статус прибора или соединения
System.InvalidOperationException: Операция является недопустимой из-за текущего состояния объекта.
   в VSU.Port.ConnectTcp(String ipAddress) в D:\bo\VSU\Taskbar\Port.cs:строка 282
2019-08-30 12:12:27.4313 ERROR [TM8]. Прибор недоступен. Проверьте статус прибора или соединения
System.InvalidOperationException: Операция является недопустимой из-за текущего состояния объекта.
   в VSU.Port.ConnectRtu(String[] settings, IModbusSerialMaster& master) в D:\bo\VSU\Taskbar\Port.cs:строка 313
2019-08-30 12:12:29.5890 ERROR [WISE-4010]. Прибор недоступен. Проверьте статус прибора или соединения
System.InvalidOperationException: Операция является недопустимой из-за текущего состояния объекта.
   в VSU.Port.ConnectTcp(String ipAddress) в D:\bo\VSU\Taskbar\Port.cs:строка 282
2019-08-30 12:12:32.4523 ERROR [TM8]. Прибор недоступен. Проверьте статус прибора или соединения
System.InvalidOperationException: Операция является недопустимой из-за текущего состояния объекта.
   в VSU.Port.ConnectRtu(String[] settings, IModbusSerialMaster& master) в D:\bo\VSU\Taskbar\Port.cs:строка 313
2019-08-30 12:12:37.4550 ERROR [TM8]. Прибор недоступен. Проверьте статус прибора или соединения
System.InvalidOperationException: Операция является недопустимой из-за текущего состояния объекта.
   в VSU.Port.ConnectRtu(String[] settings, IModbusSerialMaster& master) в D:\bo\VSU\Taskbar\Port.cs:строка 313
2019-08-30 12:12:42.5055 ERROR [TM8]. Прибор недоступен. Проверьте статус прибора или соединения
System.InvalidOperationException: Операция является недопустимой из-за текущего состояния объекта.
   в VSU.Port.ConnectRtu(String[] settings, IModbusSerialMaster& master) в D:\bo\VSU\Taskbar\Port.cs:строка 313
2019-08-30 12:12:44.5793 ERROR [WISE-4010]. Прибор недоступен. Проверьте статус прибора или соединения
System.InvalidOperationException: Операция является недопустимой из-за текущего состояния объекта.
   в VSU.Port.ConnectTcp(String ipAddress) в D:\bo\VSU\Taskbar\Port.cs:строка 282
2019-08-30 12:12:47.6108 ERROR [TM8]. Прибор недоступен. Проверьте статус прибора или соединения
System.InvalidOperationException: Операция является недопустимой из-за текущего состояния объекта.
   в VSU.Port.ConnectRtu(String[] settings, IModbusSerialMaster& master) в D:\bo\VSU\Taskbar\Port.cs:строка 313
2019-08-30 12:12:49.7120 ERROR [WISE-4010]. Прибор недоступен. Проверьте статус прибора или соединения
System.InvalidOperationException: Операция является недопустимой из-за текущего состояния объекта.
   в VSU.Port.ConnectTcp(String ipAddress) в D:\bo\VSU\Taskbar\Port.cs:строка 282
2019-08-30 12:12:55.5033 ERROR [TM8]. Прибор недоступен. Проверьте статус прибора или соединения
System.InvalidOperationException: Операция является недопустимой из-за текущего состояния объекта.
   в VSU.Port.ConnectRtu(String[] settings, IModbusSerialMaster& master) в D:\bo\VSU\Taskbar\Port.cs:строка 313
2019-08-30 12:12:57.5994 ERROR [WISE-4010]. Прибор недоступен. Проверьте статус прибора или соединения
System.InvalidOperationException: Операция является недопустимой из-за текущего состояния объекта.
   в VSU.Port.ConnectTcp(String ipAddress) в D:\bo\VSU\Taskbar\Port.cs:строка 282
2019-08-30 12:13:00.6499 ERROR [TM8]. Прибор недоступен. Проверьте статус прибора или соединения
System.InvalidOperationException: Операция является недопустимой из-за текущего состояния объекта.
   в VSU.Port.ConnectRtu(String[] settings, IModbusSerialMaster& master) в D:\bo\VSU\Taskbar\Port.cs:строка 313
2019-08-30 12:13:02.7789 ERROR [WISE-4010]. Прибор недоступен. Проверьте статус прибора или соединения
System.InvalidOperationException: Операция является недопустимой из-за текущего состояния объекта.
   в VSU.Port.ConnectTcp(String ipAddress) в D:\bo\VSU\Taskbar\Port.cs:строка 282
2019-08-30 12:13:05.8246 ERROR [ЭНИП-2-1]. Прибор недоступен. Проверьте статус прибора или соединения
System.InvalidOperationException: Операция является недопустимой из-за текущего состояния объекта.
   в VSU.Port.ConnectTcp(String ipAddress) в D:\bo\VSU\Taskbar\Port.cs:строка 282
2019-08-30 12:37:53.9091 ERROR [TM8]. Прибор недоступен. Проверьте статус прибора или соединения
System.InvalidOperationException: Операция является недопустимой из-за текущего состояния объекта.
   в VSU.Port.ConnectRtu(String[] settings, IModbusSerialMaster& master) в D:\bo\VSU\Taskbar\Port.cs:строка 313
2019-08-30 12:37:55.9976 ERROR [WISE-4010]. Прибор недоступен. Проверьте статус прибора или соединения
System.InvalidOperationException: Операция является недопустимой из-за текущего состояния объекта.
   в VSU.Port.ConnectTcp(String ipAddress) в D:\bo\VSU\Taskbar\Port.cs:строка 282
2019-08-30 12:37:59.0181 ERROR [ЭНИП-2-1]. Прибор недоступен. Проверьте статус прибора или соединения
System.InvalidOperationException: Операция является недопустимой из-за текущего состояния объекта.
   в VSU.Port.ConnectTcp(String ipAddress) в D:\bo\VSU\Taskbar\Port.cs:строка 282
2019-08-30 12:38:02.0441 ERROR [ЭНИП-2-2]. Прибор недоступен. Проверьте статус прибора или соединения
System.InvalidOperationException: Операция является недопустимой из-за текущего состояния объекта.
   в VSU.Port.ConnectTcp(String ipAddress) в D:\bo\VSU\Taskbar\Port.cs:строка 282
2019-08-30 12:38:03.0450 ERROR [7X]. Прибор недоступен. Проверьте статус прибора или соединения
System.InvalidOperationException: Операция является недопустимой из-за текущего состояния объекта.
   в VSU.Port.ConnectRtu(String[] settings, IModbusSerialMaster& master) в D:\bo\VSU\Taskbar\Port.cs:строка 313
2019-08-30 12:39:01.0650 ERROR [WISE-4010]. Прибор недоступен. Проверьте статус прибора или соединения
System.InvalidOperationException: Операция является недопустимой из-за текущего состояния объекта.
   в VSU.Port.ConnectTcp(String ipAddress) в D:\bo\VSU\Taskbar\Port.cs:строка 282
2019-08-30 12:39:04.1085 ERROR [ЭНИП-2-1]. Прибор недоступен. Проверьте статус прибора или соединения
System.InvalidOperationException: Операция является недопустимой из-за текущего состояния объекта.
   в VSU.Port.ConnectTcp(String ipAddress) в D:\bo\VSU\Taskbar\Port.cs:строка 282
2019-08-30 12:39:07.1182 ERROR [ЭНИП-2-2]. Прибор недоступен. Проверьте статус прибора или соединения
System.InvalidOperationException: Операция является недопустимой из-за текущего состояния объекта.
   в VSU.Port.ConnectTcp(String ipAddress) в D:\bo\VSU\Taskbar\Port.cs:строка 282
2019-08-30 12:39:08.1193 ERROR [7X]. Прибор недоступен. Проверьте статус прибора или соединения
System.InvalidOperationException: Операция является недопустимой из-за текущего состояния объекта.
   в VSU.Port.ConnectRtu(String[] settings, IModbusSerialMaster& master) в D:\bo\VSU\Taskbar\Port.cs:строка 313
2019-08-30 12:39:21.8973 ERROR [TM8]. Прибор недоступен. Проверьте статус прибора или соединения
System.InvalidOperationException: Операция является недопустимой из-за текущего состояния объекта.
   в VSU.Port.ConnectRtu(String[] settings, IModbusSerialMaster& master) в D:\bo\VSU\Taskbar\Port.cs:строка 313
2019-08-30 12:39:23.9612 ERROR [WISE-4010]. Прибор недоступен. Проверьте статус прибора или соединения
System.InvalidOperationException: Операция является недопустимой из-за текущего состояния объекта.
   в VSU.Port.ConnectTcp(String ipAddress) в D:\bo\VSU\Taskbar\Port.cs:строка 282
2019-08-30 12:39:26.9834 ERROR [ЭНИП-2-1]. Прибор недоступен. Проверьте статус прибора или соединения
System.InvalidOperationException: Операция является недопустимой из-за текущего состояния объекта.
   в VSU.Port.ConnectTcp(String ipAddress) в D:\bo\VSU\Taskbar\Port.cs:строка 282
2019-08-30 12:39:30.0056 ERROR [ЭНИП-2-2]. Прибор недоступен. Проверьте статус прибора или соединения
System.InvalidOperationException: Операция является недопустимой из-за текущего состояния объекта.
   в VSU.Port.ConnectTcp(String ipAddress) в D:\bo\VSU\Taskbar\Port.cs:строка 282
2019-08-30 12:39:31.0066 ERROR [7X]. Прибор недоступен. Проверьте статус прибора или соединения
System.InvalidOperationException: Операция является недопустимой из-за текущего состояния объекта.
   в VSU.Port.ConnectRtu(String[] settings, IModbusSerialMaster& master) в D:\bo\VSU\Taskbar\Port.cs:строка 313
2019-08-30 12:40:29.0492 ERROR [WISE-4010]. Прибор недоступен. Проверьте статус прибора или соединения
System.InvalidOperationException: Операция является недопустимой из-за текущего состояния объекта.
   в VSU.Port.ConnectTcp(String ipAddress) в D:\bo\VSU\Taskbar\Port.cs:строка 282
2019-08-30 12:40:32.0610 ERROR [ЭНИП-2-1]. Прибор недоступен. Проверьте статус прибора или соединения
System.InvalidOperationException: Операция является недопустимой из-за текущего состояния объекта.
   в VSU.Port.ConnectTcp(String ipAddress) в D:\bo\VSU\Taskbar\Port.cs:строка 282
2019-08-30 13:06:44.3176 ERROR [TM8]. Прибор недоступен. Проверьте статус прибора или соединения
System.InvalidOperationException: Операция является недопустимой из-за текущего состояния объекта.
   в VSU.Port.ConnectRtu(String[] settings, IModbusSerialMaster& master) в D:\bo\VSU\Taskbar\Port.cs:строка 313
2019-08-30 13:06:46.4167 ERROR [WISE-4010]. Прибор недоступен. Проверьте статус прибора или соединения
System.InvalidOperationException: Операция является недопустимой из-за текущего состояния объекта.
   в VSU.Port.ConnectTcp(String ipAddress) в D:\bo\VSU\Taskbar\Port.cs:строка 282
2019-08-30 13:06:49.4596 ERROR [ЭНИП-2-1]. Прибор недоступен. Проверьте статус прибора или соединения
System.InvalidOperationException: Операция является недопустимой из-за текущего состояния объекта.
   в VSU.Port.ConnectTcp(String ipAddress) в D:\bo\VSU\Taskbar\Port.cs:строка 282
2019-08-30 13:06:52.4999 ERROR [ЭНИП-2-2]. Прибор недоступен. Проверьте статус прибора или соединения
System.InvalidOperationException: Операция является недопустимой из-за текущего состояния объекта.
   в VSU.Port.ConnectTcp(String ipAddress) в D:\bo\VSU\Taskbar\Port.cs:строка 282
2019-08-30 13:06:53.5023 ERROR [7X]. Прибор недоступен. Проверьте статус прибора или соединения
System.InvalidOperationException: Операция является недопустимой из-за текущего состояния объекта.
   в VSU.Port.ConnectRtu(String[] settings, IModbusSerialMaster& master) в D:\bo\VSU\Taskbar\Port.cs:строка 313
2019-08-30 13:07:04.3716 ERROR [TM8]. Прибор недоступен. Проверьте статус прибора или соединения
System.InvalidOperationException: Операция является недопустимой из-за текущего состояния объекта.
   в VSU.Port.ConnectRtu(String[] settings, IModbusSerialMaster& master) в D:\bo\VSU\Taskbar\Port.cs:строка 313
2019-08-30 13:07:06.5187 ERROR [WISE-4010]. Прибор недоступен. Проверьте статус прибора или соединения
System.InvalidOperationException: Операция является недопустимой из-за текущего состояния объекта.
   в VSU.Port.ConnectTcp(String ipAddress) в D:\bo\VSU\Taskbar\Port.cs:строка 282
2019-08-30 13:07:09.5728 ERROR [ЭНИП-2-1]. Прибор недоступен. Проверьте статус прибора или соединения
System.InvalidOperationException: Операция является недопустимой из-за текущего состояния объекта.
   в VSU.Port.ConnectTcp(String ipAddress) в D:\bo\VSU\Taskbar\Port.cs:строка 282
2019-08-30 13:07:12.6509 ERROR [ЭНИП-2-2]. Прибор недоступен. Проверьте статус прибора или соединения
System.InvalidOperationException: Операция является недопустимой из-за текущего состояния объекта.
   в VSU.Port.ConnectTcp(String ipAddress) в D:\bo\VSU\Taskbar\Port.cs:строка 282
2019-08-30 13:07:13.6520 ERROR [7X]. Прибор недоступен. Проверьте статус прибора или соединения
System.InvalidOperationException: Операция является недопустимой из-за текущего состояния объекта.
   в VSU.Port.ConnectRtu(String[] settings, IModbusSerialMaster& master) в D:\bo\VSU\Taskbar\Port.cs:строка 313
2019-08-30 13:09:21.8616 ERROR [TM8]. Прибор недоступен. Проверьте статус прибора или соединения
System.InvalidOperationException: Операция является недопустимой из-за текущего состояния объекта.
   в VSU.Port.ConnectRtu(String[] settings, IModbusSerialMaster& master) в D:\bo\VSU\Taskbar\Port.cs:строка 313
2019-08-30 13:09:23.9485 ERROR [WISE-4010]. Прибор недоступен. Проверьте статус прибора или соединения
System.InvalidOperationException: Операция является недопустимой из-за текущего состояния объекта.
   в VSU.Port.ConnectTcp(String ipAddress) в D:\bo\VSU\Taskbar\Port.cs:строка 282
2019-08-30 13:09:27.0819 ERROR [ЭНИП-2-1]. Прибор недоступен. Проверьте статус прибора или соединения
System.InvalidOperationException: Операция является недопустимой из-за текущего состояния объекта.
   в VSU.Port.ConnectTcp(String ipAddress) в D:\bo\VSU\Taskbar\Port.cs:строка 282
2019-08-30 13:09:30.1546 ERROR [ЭНИП-2-2]. Прибор недоступен. Проверьте статус прибора или соединения
System.InvalidOperationException: Операция является недопустимой из-за текущего состояния объекта.
   в VSU.Port.ConnectTcp(String ipAddress) в D:\bo\VSU\Taskbar\Port.cs:строка 282
2019-08-30 13:09:31.1556 ERROR [7X]. Прибор недоступен. Проверьте статус прибора или соединения
System.InvalidOperationException: Операция является недопустимой из-за текущего состояния объекта.
   в VSU.Port.ConnectRtu(String[] settings, IModbusSerialMaster& master) в D:\bo\VSU\Taskbar\Port.cs:строка 313
2019-08-30 13:12:07.8788 ERROR [TM8]. Прибор недоступен. Проверьте статус прибора или соединения
System.InvalidOperationException: Операция является недопустимой из-за текущего состояния объекта.
   в VSU.Port.ConnectRtu(String[] settings, IModbusSerialMaster& master) в D:\bo\VSU\Taskbar\Port.cs:строка 313
2019-08-30 13:12:10.0003 ERROR [WISE-4010]. Прибор недоступен. Проверьте статус прибора или соединения
System.InvalidOperationException: Операция является недопустимой из-за текущего состояния объекта.
   в VSU.Port.ConnectTcp(String ipAddress) в D:\bo\VSU\Taskbar\Port.cs:строка 282
2019-08-30 13:12:20.9618 ERROR [TM8]. Прибор недоступен. Проверьте статус прибора или соединения
System.InvalidOperationException: Операция является недопустимой из-за текущего состояния объекта.
   в VSU.Port.ConnectRtu(String[] settings, IModbusSerialMaster& master) в D:\bo\VSU\Taskbar\Port.cs:строка 314
2019-08-30 13:12:24.0358 ERROR [TM8]. Прибор недоступен. Проверьте статус прибора или соединения
System.InvalidOperationException: Операция является недопустимой из-за текущего состояния объекта.
   в VSU.Port.ConnectRtu(String[] settings, IModbusSerialMaster& master) в D:\bo\VSU\Taskbar\Port.cs:строка 314
2019-08-30 13:12:26.0719 ERROR [TM8]. Прибор недоступен. Проверьте статус прибора или соединения
System.InvalidOperationException: Операция является недопустимой из-за текущего состояния объекта.
   в VSU.Port.ConnectRtu(String[] settings, IModbusSerialMaster& master) в D:\bo\VSU\Taskbar\Port.cs:строка 314
2019-08-30 13:12:30.9375 ERROR [TM8]. Прибор недоступен. Проверьте статус прибора или соединения
System.InvalidOperationException: Операция является недопустимой из-за текущего состояния объекта.
   в VSU.Port.ConnectRtu(String[] settings, IModbusSerialMaster& master) в D:\bo\VSU\Taskbar\Port.cs:строка 314
2019-08-30 13:13:19.3679 ERROR [TM8]. Прибор недоступен. Проверьте статус прибора или соединения
System.InvalidOperationException: Операция является недопустимой из-за текущего состояния объекта.
   в VSU.Port.ConnectRtu(String[] settings, IModbusSerialMaster& master) в D:\bo\VSU\Taskbar\Port.cs:строка 315
2019-08-30 13:13:24.3329 ERROR [TM8]. Прибор недоступен. Проверьте статус прибора или соединения
System.InvalidOperationException: Операция является недопустимой из-за текущего состояния объекта.
   в VSU.Port.ConnectRtu(String[] settings, IModbusSerialMaster& master) в D:\bo\VSU\Taskbar\Port.cs:строка 315
2019-08-30 13:13:29.3801 ERROR [TM8]. Прибор недоступен. Проверьте статус прибора или соединения
System.InvalidOperationException: Операция является недопустимой из-за текущего состояния объекта.
   в VSU.Port.ConnectRtu(String[] settings, IModbusSerialMaster& master) в D:\bo\VSU\Taskbar\Port.cs:строка 315
2019-08-30 13:13:34.4149 ERROR [TM8]. Прибор недоступен. Проверьте статус прибора или соединения
System.InvalidOperationException: Операция является недопустимой из-за текущего состояния объекта.
   в VSU.Port.ConnectRtu(String[] settings, IModbusSerialMaster& master) в D:\bo\VSU\Taskbar\Port.cs:строка 315
2019-08-30 13:13:39.4523 ERROR [TM8]. Прибор недоступен. Проверьте статус прибора или соединения
System.InvalidOperationException: Операция является недопустимой из-за текущего состояния объекта.
   в VSU.Port.ConnectRtu(String[] settings, IModbusSerialMaster& master) в D:\bo\VSU\Taskbar\Port.cs:строка 315
2019-08-30 13:13:44.5010 ERROR [TM8]. Прибор недоступен. Проверьте статус прибора или соединения
System.InvalidOperationException: Операция является недопустимой из-за текущего состояния объекта.
   в VSU.Port.ConnectRtu(String[] settings, IModbusSerialMaster& master) в D:\bo\VSU\Taskbar\Port.cs:строка 315
2019-08-30 13:13:49.5734 ERROR [TM8]. Прибор недоступен. Проверьте статус прибора или соединения
System.InvalidOperationException: Операция является недопустимой из-за текущего состояния объекта.
   в VSU.Port.ConnectRtu(String[] settings, IModbusSerialMaster& master) в D:\bo\VSU\Taskbar\Port.cs:строка 315
2019-08-30 13:13:54.5555 ERROR [TM8]. Прибор недоступен. Проверьте статус прибора или соединения
System.InvalidOperationException: Операция является недопустимой из-за текущего состояния объекта.
   в VSU.Port.ConnectRtu(String[] settings, IModbusSerialMaster& master) в D:\bo\VSU\Taskbar\Port.cs:строка 315
